Launching browser...
Browser launched successfully.
Navigating to http://localhost:3000/create...
Navigation to create page complete.
Loading example data...
Example data loaded.
Submitting the new vocab set...
Vocab set submitted.
An error occurred during vocab set creation:
Traceback (most recent call last):
  File "/app/jules-scratch/verification/verify_game_mode_selector.py", line 23, in create_vocab_set
    expect(success_message).to_be_visible(timeout=60000)
  File "/home/jules/.pyenv/versions/3.12.11/lib/python3.12/site-packages/playwright/sync_api/_generated.py", line 20401, in to_be_visible
    self._sync(self._impl_obj.to_be_visible(visible=visible, timeout=timeout))
  File "/home/jules/.pyenv/versions/3.12.11/lib/python3.12/site-packages/playwright/_impl/_sync_base.py", line 115, in _sync
    return task.result()
           ^^^^^^^^^^^^^
  File "/home/jules/.pyenv/versions/3.12.11/lib/python3.12/site-packages/playwright/_impl/_assertions.py", line 763, in to_be_visible
    await self._expect_impl(
  File "/home/jules/.pyenv/versions/3.12.11/lib/python3.12/site-packages/playwright/_impl/_assertions.py", line 83, in _expect_impl
    raise AssertionError(
AssertionError: Locator expected to be visible
Actual value: <element(s) not found>
Call log:
  - Expect "to_be_visible" with timeout 60000ms
  - waiting for locator("text=Success!")


An error occurred in the main execution block:
Traceback (most recent call last):
  File "/app/jules-scratch/verification/verify_game_mode_selector.py", line 71, in main
    create_vocab_set(page)
  File "/app/jules-scratch/verification/verify_game_mode_selector.py", line 23, in create_vocab_set
    expect(success_message).to_be_visible(timeout=60000)
  File "/home/jules/.pyenv/versions/3.12.11/lib/python3.12/site-packages/playwright/sync_api/_generated.py", line 20401, in to_be_visible
    self._sync(self._impl_obj.to_be_visible(visible=visible, timeout=timeout))
  File "/home/jules/.pyenv/versions/3.12.11/lib/python3.12/site-packages/playwright/_impl/_sync_base.py", line 115, in _sync
    return task.result()
           ^^^^^^^^^^^^^
  File "/home/jules/.pyenv/versions/3.12.11/lib/python3.12/site-packages/playwright/_impl/_assertions.py", line 763, in to_be_visible
    await self._expect_impl(
  File "/home/jules/.pyenv/versions/3.12.11/lib/python3.12/site-packages/playwright/_impl/_assertions.py", line 83, in _expect_impl
    raise AssertionError(
AssertionError: Locator expected to be visible
Actual value: <element(s) not found>
Call log:
  - Expect "to_be_visible" with timeout 60000ms
  - waiting for locator("text=Success!")
